<?xml version="1.0" encoding="UTF-8"?>
<testng-results skipped="0" failed="0" ignored="0" total="1" passed="1">
  <reporter-output>
  </reporter-output>
  <suite name="Default suite" duration-ms="2250" started-at="2019-12-20T13:26:57Z" finished-at="2019-12-20T13:26:59Z">
    <groups>
    </groups>
    <test name="Default test" duration-ms="2250" started-at="2019-12-20T13:26:57Z" finished-at="2019-12-20T13:26:59Z">
      <class name="com.training.sanity.tests.ExcelReadding">
        <test-method status="PASS" signature="viewOrderDetails()[pri:0, instance:com.training.sanity.tests.ExcelReadding@457e2f02]" name="viewOrderDetails" duration-ms="2090" started-at="2019-12-20T18:56:57Z" finished-at="2019-12-20T18:56:59Z">
          <reporter-output>
          </reporter-output>
        </test-method> <!-- viewOrderDetails -->
      </class> <!-- com.training.sanity.tests.ExcelReadding -->
    </test> <!-- Default test -->
  </suite> <!-- Default suite -->
</testng-results>
